INFO - 2024-11-19 16:05:37 --> Session: Class initialized using 'CodeIgniter\Session\Handlers\FileHandler' driver.
INFO - 2024-11-19 16:05:59 --> Attempting to login with NIP: admin and Name: Administrator
INFO - 2024-11-19 16:06:00 --> Response Data: Array
(
    [status] => success
    [message] => Login berhasil
    [data] => Array
        (
            [id] => 7
            [name] => Administrator
            [role] => admin
        )

)

INFO - 2024-11-19 16:06:00 --> Session: Class initialized using 'CodeIgniter\Session\Handlers\FileHandler' driver.
CRITICAL - 2024-11-19 16:06:00 --> ErrorException: Undefined array key "token"
[Method: POST, Route: login]
in APPPATH\Controllers\Auth.php on line 52.
 1 APPPATH\Controllers\Auth.php(52): CodeIgniter\Debug\Exceptions->errorHandler(2, 'Undefined array key "token"', 'C:\\laragon\\www\\HRProgress\\app\\Controllers\\Auth.php', 52)
 2 SYSTEMPATH\CodeIgniter.php(933): App\Controllers\Auth->login()
 3 SYSTEMPATH\CodeIgniter.php(509): CodeIgniter\CodeIgniter->runController(Object(App\Controllers\Auth))
 4 SYSTEMPATH\CodeIgniter.php(355): CodeIgniter\CodeIgniter->handleRequest(null, Object(Config\Cache), false)
 5 SYSTEMPATH\Boot.php(325): CodeIgniter\CodeIgniter->run()
 6 SYSTEMPATH\Boot.php(67): CodeIgniter\Boot::runCodeIgniter(Object(CodeIgniter\CodeIgniter))
 7 FCPATH\index.php(56): CodeIgniter\Boot::bootWeb(Object(Config\Paths))
 8 SYSTEMPATH\rewrite.php(44): require_once('C:\\laragon\\www\\HRProgress\\public\\index.php')
INFO - 2024-11-19 16:06:01 --> Attempting to login with NIP: admin and Name: Administrator
INFO - 2024-11-19 16:06:01 --> Response Data: Array
(
    [status] => success
    [message] => Login berhasil
    [data] => Array
        (
            [id] => 7
            [name] => Administrator
            [role] => admin
        )

)

INFO - 2024-11-19 16:06:01 --> Session: Class initialized using 'CodeIgniter\Session\Handlers\FileHandler' driver.
CRITICAL - 2024-11-19 16:06:01 --> ErrorException: Undefined array key "token"
[Method: POST, Route: login]
in APPPATH\Controllers\Auth.php on line 52.
 1 APPPATH\Controllers\Auth.php(52): CodeIgniter\Debug\Exceptions->errorHandler(2, 'Undefined array key "token"', 'C:\\laragon\\www\\HRProgress\\app\\Controllers\\Auth.php', 52)
 2 SYSTEMPATH\CodeIgniter.php(933): App\Controllers\Auth->login()
 3 SYSTEMPATH\CodeIgniter.php(509): CodeIgniter\CodeIgniter->runController(Object(App\Controllers\Auth))
 4 SYSTEMPATH\CodeIgniter.php(355): CodeIgniter\CodeIgniter->handleRequest(null, Object(Config\Cache), false)
 5 SYSTEMPATH\Boot.php(325): CodeIgniter\CodeIgniter->run()
 6 SYSTEMPATH\Boot.php(67): CodeIgniter\Boot::runCodeIgniter(Object(CodeIgniter\CodeIgniter))
 7 FCPATH\index.php(56): CodeIgniter\Boot::bootWeb(Object(Config\Paths))
 8 SYSTEMPATH\rewrite.php(44): require_once('C:\\laragon\\www\\HRProgress\\public\\index.php')
INFO - 2024-11-19 16:07:32 --> Session: Class initialized using 'CodeIgniter\Session\Handlers\FileHandler' driver.
INFO - 2024-11-19 16:07:48 --> Session: Class initialized using 'CodeIgniter\Session\Handlers\FileHandler' driver.
INFO - 2024-11-19 16:07:53 --> Attempting to login with NIP: admin and Name: Administrator
INFO - 2024-11-19 16:07:53 --> Response Data: Array
(
    [status] => success
    [message] => Login berhasil
    [data] => Array
        (
            [id] => 7
            [name] => Administrator
            [role] => admin
            [token] => eyJhbGciOiJIUzI1NiIsInR5cCI6IkpXVCJ9.eyJpZCI6NywibmFtZSI6IkFkbWluaXN0cmF0b3IiLCJyb2xlIjoiYWRtaW4iLCJpYXQiOjE3MzIwMzI0NzMsImV4cCI6MTczMjAzNjA3M30.HOjhL8l63INQmhkodUL4ooJV5PVNC9a9i0yasgAScTw
        )

)

INFO - 2024-11-19 16:07:53 --> Session: Class initialized using 'CodeIgniter\Session\Handlers\FileHandler' driver.
INFO - 2024-11-19 16:07:53 --> User logged in: admin
INFO - 2024-11-19 16:07:54 --> Session: Class initialized using 'CodeIgniter\Session\Handlers\FileHandler' driver.
INFO - 2024-11-19 16:08:33 --> Session: Class initialized using 'CodeIgniter\Session\Handlers\FileHandler' driver.
INFO - 2024-11-19 16:08:38 --> Session: Class initialized using 'CodeIgniter\Session\Handlers\FileHandler' driver.
INFO - 2024-11-19 16:08:59 --> Session: Class initialized using 'CodeIgniter\Session\Handlers\FileHandler' driver.
INFO - 2024-11-19 16:09:02 --> Session: Class initialized using 'CodeIgniter\Session\Handlers\FileHandler' driver.
INFO - 2024-11-19 16:09:05 --> Session: Class initialized using 'CodeIgniter\Session\Handlers\FileHandler' driver.
INFO - 2024-11-19 16:09:12 --> Session: Class initialized using 'CodeIgniter\Session\Handlers\FileHandler' driver.
INFO - 2024-11-19 16:10:20 --> Session: Class initialized using 'CodeIgniter\Session\Handlers\FileHandler' driver.
INFO - 2024-11-19 16:11:01 --> Session: Class initialized using 'CodeIgniter\Session\Handlers\FileHandler' driver.
INFO - 2024-11-19 16:11:14 --> Session: Class initialized using 'CodeIgniter\Session\Handlers\FileHandler' driver.
INFO - 2024-11-19 16:13:46 --> Session: Class initialized using 'CodeIgniter\Session\Handlers\FileHandler' driver.
INFO - 2024-11-19 16:13:48 --> Session: Class initialized using 'CodeIgniter\Session\Handlers\FileHandler' driver.
INFO - 2024-11-19 16:17:40 --> Session: Class initialized using 'CodeIgniter\Session\Handlers\FileHandler' driver.
INFO - 2024-11-19 16:17:42 --> Session: Class initialized using 'CodeIgniter\Session\Handlers\FileHandler' driver.
INFO - 2024-11-19 16:17:44 --> Session: Class initialized using 'CodeIgniter\Session\Handlers\FileHandler' driver.
INFO - 2024-11-19 16:17:55 --> Session: Class initialized using 'CodeIgniter\Session\Handlers\FileHandler' driver.
INFO - 2024-11-19 16:18:25 --> Session: Class initialized using 'CodeIgniter\Session\Handlers\FileHandler' driver.
CRITICAL - 2024-11-19 16:37:42 --> ErrorException: Undefined variable $title
[Method: GET, Route: surat]
in APPPATH\Views\TemplateDashboard\header.php on line 7.
 1 APPPATH\Views\TemplateDashboard\header.php(7): CodeIgniter\Debug\Exceptions->errorHandler(2, 'Undefined variable $title', 'C:\\laragon\\www\\HRProgress\\app\\Views\\TemplateDashboard\\header.php', 7)
 2 SYSTEMPATH\View\View.php(234): include('C:\\laragon\\www\\HRProgress\\app\\Views\\TemplateDashboard\\header.php')
 3 SYSTEMPATH\View\View.php(237): CodeIgniter\View\View->CodeIgniter\View\{closure}()
 4 SYSTEMPATH\Common.php(1171): CodeIgniter\View\View->render('TemplateDashboard/header', [], true)
 5 APPPATH\Controllers\SuratController.php(75): view('TemplateDashboard/header', [...])
 6 SYSTEMPATH\CodeIgniter.php(933): App\Controllers\SuratController->index()
 7 SYSTEMPATH\CodeIgniter.php(509): CodeIgniter\CodeIgniter->runController(Object(App\Controllers\SuratController))
 8 SYSTEMPATH\CodeIgniter.php(355): CodeIgniter\CodeIgniter->handleRequest(null, Object(Config\Cache), false)
 9 SYSTEMPATH\Boot.php(325): CodeIgniter\CodeIgniter->run()
10 SYSTEMPATH\Boot.php(67): CodeIgniter\Boot::runCodeIgniter(Object(CodeIgniter\CodeIgniter))
11 FCPATH\index.php(56): CodeIgniter\Boot::bootWeb(Object(Config\Paths))
12 SYSTEMPATH\rewrite.php(44): require_once('C:\\laragon\\www\\HRProgress\\public\\index.php')
CRITICAL - 2024-11-19 16:39:52 --> ErrorException: Undefined variable $title
[Method: GET, Route: surat]
in APPPATH\Views\TemplateDashboard\header.php on line 7.
 1 APPPATH\Views\TemplateDashboard\header.php(7): CodeIgniter\Debug\Exceptions->errorHandler(2, 'Undefined variable $title', 'C:\\laragon\\www\\HRProgress\\app\\Views\\TemplateDashboard\\header.php', 7)
 2 SYSTEMPATH\View\View.php(234): include('C:\\laragon\\www\\HRProgress\\app\\Views\\TemplateDashboard\\header.php')
 3 SYSTEMPATH\View\View.php(237): CodeIgniter\View\View->CodeIgniter\View\{closure}()
 4 SYSTEMPATH\Common.php(1171): CodeIgniter\View\View->render('TemplateDashboard/header', [], true)
 5 APPPATH\Controllers\SuratController.php(77): view('TemplateDashboard/header', [...])
 6 SYSTEMPATH\CodeIgniter.php(933): App\Controllers\SuratController->index()
 7 SYSTEMPATH\CodeIgniter.php(509): CodeIgniter\CodeIgniter->runController(Object(App\Controllers\SuratController))
 8 SYSTEMPATH\CodeIgniter.php(355): CodeIgniter\CodeIgniter->handleRequest(null, Object(Config\Cache), false)
 9 SYSTEMPATH\Boot.php(325): CodeIgniter\CodeIgniter->run()
10 SYSTEMPATH\Boot.php(67): CodeIgniter\Boot::runCodeIgniter(Object(CodeIgniter\CodeIgniter))
11 FCPATH\index.php(56): CodeIgniter\Boot::bootWeb(Object(Config\Paths))
12 SYSTEMPATH\rewrite.php(44): require_once('C:\\laragon\\www\\HRProgress\\public\\index.php')
CRITICAL - 2024-11-19 16:39:53 --> ErrorException: Undefined variable $title
[Method: GET, Route: surat]
in APPPATH\Views\TemplateDashboard\header.php on line 7.
 1 APPPATH\Views\TemplateDashboard\header.php(7): CodeIgniter\Debug\Exceptions->errorHandler(2, 'Undefined variable $title', 'C:\\laragon\\www\\HRProgress\\app\\Views\\TemplateDashboard\\header.php', 7)
 2 SYSTEMPATH\View\View.php(234): include('C:\\laragon\\www\\HRProgress\\app\\Views\\TemplateDashboard\\header.php')
 3 SYSTEMPATH\View\View.php(237): CodeIgniter\View\View->CodeIgniter\View\{closure}()
 4 SYSTEMPATH\Common.php(1171): CodeIgniter\View\View->render('TemplateDashboard/header', [], true)
 5 APPPATH\Controllers\SuratController.php(77): view('TemplateDashboard/header', [...])
 6 SYSTEMPATH\CodeIgniter.php(933): App\Controllers\SuratController->index()
 7 SYSTEMPATH\CodeIgniter.php(509): CodeIgniter\CodeIgniter->runController(Object(App\Controllers\SuratController))
 8 SYSTEMPATH\CodeIgniter.php(355): CodeIgniter\CodeIgniter->handleRequest(null, Object(Config\Cache), false)
 9 SYSTEMPATH\Boot.php(325): CodeIgniter\CodeIgniter->run()
10 SYSTEMPATH\Boot.php(67): CodeIgniter\Boot::runCodeIgniter(Object(CodeIgniter\CodeIgniter))
11 FCPATH\index.php(56): CodeIgniter\Boot::bootWeb(Object(Config\Paths))
12 SYSTEMPATH\rewrite.php(44): require_once('C:\\laragon\\www\\HRProgress\\public\\index.php')
INFO - 2024-11-19 16:39:56 --> Session: Class initialized using 'CodeIgniter\Session\Handlers\FileHandler' driver.
INFO - 2024-11-19 16:40:03 --> Session: Class initialized using 'CodeIgniter\Session\Handlers\FileHandler' driver.
CRITICAL - 2024-11-19 16:40:06 --> ErrorException: Undefined variable $title
[Method: GET, Route: surat]
in APPPATH\Views\TemplateDashboard\header.php on line 7.
 1 APPPATH\Views\TemplateDashboard\header.php(7): CodeIgniter\Debug\Exceptions->errorHandler(2, 'Undefined variable $title', 'C:\\laragon\\www\\HRProgress\\app\\Views\\TemplateDashboard\\header.php', 7)
 2 SYSTEMPATH\View\View.php(234): include('C:\\laragon\\www\\HRProgress\\app\\Views\\TemplateDashboard\\header.php')
 3 SYSTEMPATH\View\View.php(237): CodeIgniter\View\View->CodeIgniter\View\{closure}()
 4 SYSTEMPATH\Common.php(1171): CodeIgniter\View\View->render('TemplateDashboard/header', [], true)
 5 APPPATH\Controllers\SuratController.php(77): view('TemplateDashboard/header', [...])
 6 SYSTEMPATH\CodeIgniter.php(933): App\Controllers\SuratController->index()
 7 SYSTEMPATH\CodeIgniter.php(509): CodeIgniter\CodeIgniter->runController(Object(App\Controllers\SuratController))
 8 SYSTEMPATH\CodeIgniter.php(355): CodeIgniter\CodeIgniter->handleRequest(null, Object(Config\Cache), false)
 9 SYSTEMPATH\Boot.php(325): CodeIgniter\CodeIgniter->run()
10 SYSTEMPATH\Boot.php(67): CodeIgniter\Boot::runCodeIgniter(Object(CodeIgniter\CodeIgniter))
11 FCPATH\index.php(56): CodeIgniter\Boot::bootWeb(Object(Config\Paths))
12 SYSTEMPATH\rewrite.php(44): require_once('C:\\laragon\\www\\HRProgress\\public\\index.php')
INFO - 2024-11-19 16:40:46 --> Session: Class initialized using 'CodeIgniter\Session\Handlers\FileHandler' driver.
CRITICAL - 2024-11-19 16:40:46 --> ErrorException: Undefined variable $nomor_surat
[Method: GET, Route: surat]
in APPPATH\Views\turt\index.php on line 55.
 1 APPPATH\Views\turt\index.php(55): CodeIgniter\Debug\Exceptions->errorHandler(2, 'Undefined variable $nomor_surat', 'C:\\laragon\\www\\HRProgress\\app\\Views\\turt\\index.php', 55)
 2 SYSTEMPATH\View\View.php(234): include('C:\\laragon\\www\\HRProgress\\app\\Views\\turt\\index.php')
 3 SYSTEMPATH\View\View.php(237): CodeIgniter\View\View->CodeIgniter\View\{closure}()
 4 SYSTEMPATH\Common.php(1171): CodeIgniter\View\View->render('turt/index', [], true)
 5 APPPATH\Controllers\SuratController.php(79): view('turt/index', [...])
 6 SYSTEMPATH\CodeIgniter.php(933): App\Controllers\SuratController->index()
 7 SYSTEMPATH\CodeIgniter.php(509): CodeIgniter\CodeIgniter->runController(Object(App\Controllers\SuratController))
 8 SYSTEMPATH\CodeIgniter.php(355): CodeIgniter\CodeIgniter->handleRequest(null, Object(Config\Cache), false)
 9 SYSTEMPATH\Boot.php(325): CodeIgniter\CodeIgniter->run()
10 SYSTEMPATH\Boot.php(67): CodeIgniter\Boot::runCodeIgniter(Object(CodeIgniter\CodeIgniter))
11 FCPATH\index.php(56): CodeIgniter\Boot::bootWeb(Object(Config\Paths))
12 SYSTEMPATH\rewrite.php(44): require_once('C:\\laragon\\www\\HRProgress\\public\\index.php')
INFO - 2024-11-19 16:40:48 --> Session: Class initialized using 'CodeIgniter\Session\Handlers\FileHandler' driver.
CRITICAL - 2024-11-19 16:40:48 --> ErrorException: Undefined variable $nomor_surat
[Method: GET, Route: surat]
in APPPATH\Views\turt\index.php on line 55.
 1 APPPATH\Views\turt\index.php(55): CodeIgniter\Debug\Exceptions->errorHandler(2, 'Undefined variable $nomor_surat', 'C:\\laragon\\www\\HRProgress\\app\\Views\\turt\\index.php', 55)
 2 SYSTEMPATH\View\View.php(234): include('C:\\laragon\\www\\HRProgress\\app\\Views\\turt\\index.php')
 3 SYSTEMPATH\View\View.php(237): CodeIgniter\View\View->CodeIgniter\View\{closure}()
 4 SYSTEMPATH\Common.php(1171): CodeIgniter\View\View->render('turt/index', [], true)
 5 APPPATH\Controllers\SuratController.php(79): view('turt/index', [...])
 6 SYSTEMPATH\CodeIgniter.php(933): App\Controllers\SuratController->index()
 7 SYSTEMPATH\CodeIgniter.php(509): CodeIgniter\CodeIgniter->runController(Object(App\Controllers\SuratController))
 8 SYSTEMPATH\CodeIgniter.php(355): CodeIgniter\CodeIgniter->handleRequest(null, Object(Config\Cache), false)
 9 SYSTEMPATH\Boot.php(325): CodeIgniter\CodeIgniter->run()
10 SYSTEMPATH\Boot.php(67): CodeIgniter\Boot::runCodeIgniter(Object(CodeIgniter\CodeIgniter))
11 FCPATH\index.php(56): CodeIgniter\Boot::bootWeb(Object(Config\Paths))
12 SYSTEMPATH\rewrite.php(44): require_once('C:\\laragon\\www\\HRProgress\\public\\index.php')
INFO - 2024-11-19 16:58:11 --> Session: Class initialized using 'CodeIgniter\Session\Handlers\FileHandler' driver.
INFO - 2024-11-19 16:58:22 --> Session: Class initialized using 'CodeIgniter\Session\Handlers\FileHandler' driver.
INFO - 2024-11-19 17:00:10 --> Session: Class initialized using 'CodeIgniter\Session\Handlers\FileHandler' driver.
INFO - 2024-11-19 17:03:21 --> Session: Class initialized using 'CodeIgniter\Session\Handlers\FileHandler' driver.
INFO - 2024-11-19 17:04:14 --> Session: Class initialized using 'CodeIgniter\Session\Handlers\FileHandler' driver.
INFO - 2024-11-19 17:04:19 --> Session: Class initialized using 'CodeIgniter\Session\Handlers\FileHandler' driver.
INFO - 2024-11-19 17:04:21 --> Session: Class initialized using 'CodeIgniter\Session\Handlers\FileHandler' driver.
INFO - 2024-11-19 17:04:22 --> Session: Class initialized using 'CodeIgniter\Session\Handlers\FileHandler' driver.
INFO - 2024-11-19 17:04:22 --> Session: Class initialized using 'CodeIgniter\Session\Handlers\FileHandler' driver.
INFO - 2024-11-19 17:05:18 --> Session: Class initialized using 'CodeIgniter\Session\Handlers\FileHandler' driver.
INFO - 2024-11-19 17:05:19 --> Session: Class initialized using 'CodeIgniter\Session\Handlers\FileHandler' driver.
INFO - 2024-11-19 17:05:20 --> Session: Class initialized using 'CodeIgniter\Session\Handlers\FileHandler' driver.
INFO - 2024-11-19 17:05:20 --> Session: Class initialized using 'CodeIgniter\Session\Handlers\FileHandler' driver.
INFO - 2024-11-19 17:08:27 --> Session: Class initialized using 'CodeIgniter\Session\Handlers\FileHandler' driver.
INFO - 2024-11-19 17:08:29 --> Session: Class initialized using 'CodeIgniter\Session\Handlers\FileHandler' driver.
INFO - 2024-11-19 17:08:30 --> Session: Class initialized using 'CodeIgniter\Session\Handlers\FileHandler' driver.
INFO - 2024-11-19 17:08:43 --> Session: Class initialized using 'CodeIgniter\Session\Handlers\FileHandler' driver.
INFO - 2024-11-19 17:13:05 --> Session: Class initialized using 'CodeIgniter\Session\Handlers\FileHandler' driver.
INFO - 2024-11-19 17:13:07 --> Session: Class initialized using 'CodeIgniter\Session\Handlers\FileHandler' driver.
INFO - 2024-11-19 17:13:09 --> Session: Class initialized using 'CodeIgniter\Session\Handlers\FileHandler' driver.
INFO - 2024-11-19 17:13:18 --> Session: Class initialized using 'CodeIgniter\Session\Handlers\FileHandler' driver.
INFO - 2024-11-19 17:14:18 --> Session: Class initialized using 'CodeIgniter\Session\Handlers\FileHandler' driver.
INFO - 2024-11-19 17:14:20 --> Session: Class initialized using 'CodeIgniter\Session\Handlers\FileHandler' driver.
INFO - 2024-11-19 17:14:20 --> Session: Class initialized using 'CodeIgniter\Session\Handlers\FileHandler' driver.
INFO - 2024-11-19 17:14:31 --> Session: Class initialized using 'CodeIgniter\Session\Handlers\FileHandler' driver.
INFO - 2024-11-19 17:15:03 --> Session: Class initialized using 'CodeIgniter\Session\Handlers\FileHandler' driver.
INFO - 2024-11-19 17:15:21 --> Session: Class initialized using 'CodeIgniter\Session\Handlers\FileHandler' driver.
